2016-11-23 02:20:59 Workerman[server/start.php] start in DEBUG mode
2016-11-23 02:21:01 WORKER EXIT UNEXPECTED 
2016-11-23 02:21:01 WORKER EXIT UNEXPECTED 
2016-11-23 02:21:01 WORKER EXIT UNEXPECTED 
2016-11-23 02:21:01 WORKER EXIT UNEXPECTED 
2016-11-23 02:21:03 WORKER EXIT UNEXPECTED 
2016-11-23 02:21:03 WORKER EXIT UNEXPECTED 
2016-11-23 02:21:03 WORKER EXIT UNEXPECTED 
2016-11-23 02:21:03 WORKER EXIT UNEXPECTED 
2016-11-23 02:21:05 WORKER EXIT UNEXPECTED 
2016-11-23 02:21:05 WORKER EXIT UNEXPECTED 
2016-11-23 02:21:05 WORKER EXIT UNEXPECTED 
2016-11-23 02:21:05 WORKER EXIT UNEXPECTED 
2016-11-23 02:21:07 WORKER EXIT UNEXPECTED 
2016-11-23 02:21:07 WORKER EXIT UNEXPECTED 
2016-11-23 02:21:07 WORKER EXIT UNEXPECTED 
2016-11-23 02:21:07 WORKER EXIT UNEXPECTED 
2016-11-23 02:21:07 Workerman[start.php] Stopping ...
2016-11-23 02:21:07 WORKER EXIT UNEXPECTED 
2016-11-23 02:21:07 WORKER EXIT UNEXPECTED 
2016-11-23 02:21:07 WORKER EXIT UNEXPECTED 
2016-11-23 02:21:07 WORKER EXIT UNEXPECTED 
2016-11-23 02:21:07 Workerman[start.php] has been stopped
2016-11-23 02:21:19 Workerman[server/start.php] start in DEBUG mode
2016-11-23 02:21:21 WORKER EXIT UNEXPECTED 
2016-11-23 02:21:21 WORKER EXIT UNEXPECTED 
2016-11-23 02:21:21 WORKER EXIT UNEXPECTED 
2016-11-23 02:21:21 WORKER EXIT UNEXPECTED 
2016-11-23 02:21:23 WORKER EXIT UNEXPECTED 
2016-11-23 02:21:23 WORKER EXIT UNEXPECTED 
2016-11-23 02:21:23 WORKER EXIT UNEXPECTED 
2016-11-23 02:21:23 WORKER EXIT UNEXPECTED 
2016-11-23 02:21:24 Workerman[start.php] Stopping ...
2016-11-23 02:21:24 WORKER EXIT UNEXPECTED 
2016-11-23 02:21:24 WORKER EXIT UNEXPECTED 
2016-11-23 02:21:24 WORKER EXIT UNEXPECTED 
2016-11-23 02:21:24 WORKER EXIT UNEXPECTED 
2016-11-23 02:21:24 Workerman[start.php] has been stopped
2016-11-23 02:22:05 Workerman[server/start.php] start in DEBUG mode
2016-11-23 02:22:26 Workerman[start.php] Stopping ...
2016-11-23 02:22:26 Workerman[start.php] has been stopped
2016-11-23 02:24:46 Workerman[server/start.php] start in DEBUG mode
2016-11-23 02:26:03 Workerman[start.php] Stopping ...
2016-11-23 02:26:03 Workerman[start.php] has been stopped
2016-11-23 02:26:05 Workerman[server/start.php] start in DEBUG mode
2016-11-23 02:29:52 Workerman[start.php] Stopping ...
2016-11-23 02:29:52 Workerman[start.php] has been stopped
2016-11-23 02:30:15 Workerman[server/start.php] start in DEBUG mode
2016-11-23 02:30:21 Workerman[start.php] Stopping ...
2016-11-23 02:30:21 Workerman[start.php] has been stopped
2016-11-23 02:30:23 Workerman[server/start.php] start in DAEMON mode
2016-11-23 03:19:01 Workerman[start.php] start in DEBUG mode
2016-11-23 03:19:02 Workerman[start.php] Stopping ...
2016-11-23 03:19:03 Workerman[start.php] has been stopped
2016-11-23 03:19:04 Workerman[start.php] start in DAEMON mode
2016-11-27 11:03:00 worker[ThinksnsMsgdBusiness:3069] exit with status 11
